[Sun May 10 09:01:40 +03 2026] === Analytics güncelleme başladı ===
[09:01:41] GA4 bağlanıyor...
[09:01:41] KPI özet çekiliyor...
[09:01:44] Günlük seri...
[09:01:46] Kaynaklar...
[09:01:46] Sayfalar...
[09:01:47] Cihaz & ülke...
Traceback (most recent call last):
  File "/Library/Frameworks/Python.framework/Versions/3.14/lib/python3.14/site-packages/google/api_core/grpc_helpers.py", line 55, in error_remapped_callable
    return callable_(*args, **kwargs)
  File "/Library/Frameworks/Python.framework/Versions/3.14/lib/python3.14/site-packages/grpc/_interceptor.py", line 276, in __call__
    response, ignored_call = self._with_call(
                             ~~~~~~~~~~~~~~~^
        request,
        ^^^^^^^^
    ...<4 lines>...
        compression=compression,
        ^^^^^^^^^^^^^^^^^^^^^^^^
    )
    ^
  File "/Library/Frameworks/Python.framework/Versions/3.14/lib/python3.14/site-packages/grpc/_interceptor.py", line 331, in _with_call
    return call.result(), call
           ~~~~~~~~~~~^^
  File "/Library/Frameworks/Python.framework/Versions/3.14/lib/python3.14/site-packages/grpc/_channel.py", line 438, in result
    raise self
  File "/Library/Frameworks/Python.framework/Versions/3.14/lib/python3.14/site-packages/grpc/_interceptor.py", line 314, in continuation
    response, call = self._thunk(new_method).with_call(
                     ~~~~~~~~~~~~~~~~~~~~~~~~~~~~~~~~~^
        request,
        ^^^^^^^^
    ...<4 lines>...
        compression=new_compression,
        ^^^^^^^^^^^^^^^^^^^^^^^^^^^^
    )
    ^
  File "/Library/Frameworks/Python.framework/Versions/3.14/lib/python3.14/site-packages/grpc/_channel.py", line 1173, in with_call
    return _end_unary_response_blocking(state, call, True, None)
  File "/Library/Frameworks/Python.framework/Versions/3.14/lib/python3.14/site-packages/grpc/_channel.py", line 990, in _end_unary_response_blocking
    raise _InactiveRpcError(state)  # pytype: disable=not-instantiable
    ^^^^^^^^^^^^^^^^^^^^^^^^^^^^^^
grpc._channel._InactiveRpcError: <_InactiveRpcError of RPC that terminated with:
	status = StatusCode.DEADLINE_EXCEEDED
	details = "Deadline Exceeded"
	debug_error_string = "UNKNOWN:Error received from peer  {grpc_message:"Deadline Exceeded", grpc_status:4}"
>

The above exception was the direct cause of the following exception:

Traceback (most recent call last):
  File "<stdin>", line 67, in <module>
  File "<stdin>", line 32, in run
  File "/Library/Frameworks/Python.framework/Versions/3.14/lib/python3.14/site-packages/google/analytics/data_v1beta/services/beta_analytics_data/client.py", line 836, in run_report
    response = rpc(
        request,
    ...<2 lines>...
        metadata=metadata,
    )
  File "/Library/Frameworks/Python.framework/Versions/3.14/lib/python3.14/site-packages/google/api_core/gapic_v1/method.py", line 128, in __call__
    return wrapped_func(*args, **kwargs)
  File "/Library/Frameworks/Python.framework/Versions/3.14/lib/python3.14/site-packages/google/api_core/timeout.py", line 130, in func_with_timeout
    return func(*args, **kwargs)
  File "/Library/Frameworks/Python.framework/Versions/3.14/lib/python3.14/site-packages/google/api_core/grpc_helpers.py", line 57, in error_remapped_callable
    raise exceptions.from_grpc_error(exc) from exc
google.api_core.exceptions.DeadlineExceeded: 504 Deadline Exceeded
[Sun May 10 09:19:27 +03 2026] === Tamamlandı ===
