[Sat Apr 25 17:44:24 +03 2026] === Telegram raporu başladı ===
Günlük rapor modu...
✓ Telegram gönderildi
   KPI: 158 oturum
[Sat Apr 25 17:44:33 +03 2026] === Tamamlandı ===
[Sat Apr 25 17:44:56 +03 2026] === Telegram raporu başladı ===
Günlük rapor modu...
✓ Telegram gönderildi
   KPI: 158 oturum
[Sat Apr 25 17:45:01 +03 2026] === Tamamlandı ===
[Sat Apr 25 17:45:50 +03 2026] === Telegram raporu başladı ===
Günlük rapor modu...
✓ Telegram gönderildi
   KPI: 158 oturum
[Sat Apr 25 17:45:55 +03 2026] === Tamamlandı ===
[Sat Apr 25 17:46:51 +03 2026] === Telegram raporu başladı ===
Günlük rapor modu...
✓ Telegram gönderildi
   KPI: 158 oturum
[Sat Apr 25 17:46:55 +03 2026] === Tamamlandı ===
