[03:29:25] === Retrocameraland Instagram Fetch ===
[03:29:25] Profil çekiliyor...
[03:29:25]   @retrocameraland | 5,703 takipçi | 264 gönderi
[03:29:25] Son gönderiler çekiliyor...
[03:29:25]   12 gönderi | ort. 34 beğeni
[03:29:25] Dashboard güncellendi: /Users/onnoshot/Downloads/Agentlar/retrocameraland-hq-dashboard.html
[03:29:25] === Tamamlandı ✓ ===
[17:49:50] === Retrocameraland Instagram Fetch ===
[17:49:50] Profil çekiliyor...
[17:49:50]   @retrocameraland | 5,753 takipçi | 265 gönderi
[17:49:50] Son gönderiler çekiliyor...
[17:49:50]   12 gönderi | ort. 36 beğeni
[17:49:50] Güncellendi: /Users/onnoshot/Downloads/Agentlar/retrocameraland-hq-dashboard.html
[17:49:50] Güncellendi: /Users/onnoshot/Downloads/rcl-dashboard/data.js
[17:49:52] Git push tamamlandı
[17:49:52] === Tamamlandı ✓ ===
[18:49:52] === Retrocameraland Instagram Fetch ===
[18:49:52] Profil çekiliyor...
[18:49:52]   @retrocameraland | 5,750 takipçi | 265 gönderi
[18:49:52] Son gönderiler çekiliyor...
[18:49:54]   12 gönderi | ort. 36 beğeni
[18:49:54] Güncellendi: /Users/onnoshot/Downloads/Agentlar/retrocameraland-hq-dashboard.html
[18:49:54] Güncellendi: /Users/onnoshot/Downloads/rcl-dashboard/data.js
[18:49:55] Git push tamamlandı
[18:49:55] === Tamamlandı ✓ ===
[19:49:56] === Retrocameraland Instagram Fetch ===
[19:49:56] Profil çekiliyor...
[19:49:56]   @retrocameraland | 5,752 takipçi | 265 gönderi
[19:49:56] Son gönderiler çekiliyor...
[19:49:56]   12 gönderi | ort. 36 beğeni
[19:49:56] Güncellendi: /Users/onnoshot/Downloads/Agentlar/retrocameraland-hq-dashboard.html
[19:49:56] Güncellendi: /Users/onnoshot/Downloads/rcl-dashboard/data.js
[19:49:57] Git push tamamlandı
[19:49:57] === Tamamlandı ✓ ===
[20:49:58] === Retrocameraland Instagram Fetch ===
[20:49:58] Profil çekiliyor...
[20:49:58]   @retrocameraland | 5,753 takipçi | 265 gönderi
[20:49:58] Son gönderiler çekiliyor...
[20:49:58]   12 gönderi | ort. 36 beğeni
[20:49:58] Güncellendi: /Users/onnoshot/Downloads/Agentlar/retrocameraland-hq-dashboard.html
[20:49:58] Güncellendi: /Users/onnoshot/Downloads/rcl-dashboard/data.js
[20:50:00] Git push tamamlandı
[20:50:00] === Tamamlandı ✓ ===
[21:50:00] === Retrocameraland Instagram Fetch ===
[21:50:00] Profil çekiliyor...
[22:50:01] === Retrocameraland Instagram Fetch ===
[22:50:01] Profil çekiliyor...
[23:50:01] === Retrocameraland Instagram Fetch ===
[23:50:01] Profil çekiliyor...
[04:35:57] === Retrocameraland Instagram Fetch ===
[04:35:57] Profil çekiliyor...
[01:49:10] === Retrocameraland Instagram Fetch ===
[01:49:10] Profil çekiliyor...
[02:49:11] === Retrocameraland Instagram Fetch ===
[02:49:11] Profil çekiliyor...
[03:49:11] === Retrocameraland Instagram Fetch ===
[03:49:11] Profil çekiliyor...
[18:22:37] === Retrocameraland Instagram Fetch ===
[18:22:37] Profil çekiliyor...
[19:22:37] === Retrocameraland Instagram Fetch ===
[19:22:37] Profil çekiliyor...
[20:22:38] === Retrocameraland Instagram Fetch ===
[20:22:38] Profil çekiliyor...
[21:39:04] === Retrocameraland Instagram Fetch ===
[21:39:04] Profil çekiliyor...
[22:39:05] === Retrocameraland Instagram Fetch ===
[22:39:05] Profil çekiliyor...
[23:39:05] === Retrocameraland Instagram Fetch ===
[23:39:05] Profil çekiliyor...
[00:39:06] === Retrocameraland Instagram Fetch ===
[00:39:06] Profil çekiliyor...
[01:39:06] === Retrocameraland Instagram Fetch ===
[01:39:06] Profil çekiliyor...
[02:39:06] === Retrocameraland Instagram Fetch ===
[02:39:06] Profil çekiliyor...
[03:39:07] === Retrocameraland Instagram Fetch ===
[03:39:07] Profil çekiliyor...
[04:39:07] === Retrocameraland Instagram Fetch ===
[04:39:07] Profil çekiliyor...
[05:39:08] === Retrocameraland Instagram Fetch ===
[05:39:08] Profil çekiliyor...
[06:39:08] === Retrocameraland Instagram Fetch ===
[06:39:08] Profil çekiliyor...
[07:39:09] === Retrocameraland Instagram Fetch ===
[07:39:09] Profil çekiliyor...
[08:39:09] === Retrocameraland Instagram Fetch ===
[08:39:09] Profil çekiliyor...
[09:39:10] === Retrocameraland Instagram Fetch ===
[09:39:10] Profil çekiliyor...
[11:45:30] === Retrocameraland Instagram Fetch ===
[11:45:30] Profil çekiliyor...
[12:45:31] === Retrocameraland Instagram Fetch ===
[12:45:31] Profil çekiliyor...
[13:45:31] === Retrocameraland Instagram Fetch ===
[13:45:31] Profil çekiliyor...
[14:45:32] === Retrocameraland Instagram Fetch ===
[14:45:32] Profil çekiliyor...
[15:45:33] === Retrocameraland Instagram Fetch ===
[15:45:33] Profil çekiliyor...
[16:45:33] === Retrocameraland Instagram Fetch ===
[16:45:33] Profil çekiliyor...
[17:45:34] === Retrocameraland Instagram Fetch ===
[17:45:34] Profil çekiliyor...
[18:45:34] === Retrocameraland Instagram Fetch ===
[18:45:34] Profil çekiliyor...
[19:45:34] === Retrocameraland Instagram Fetch ===
[19:45:34] Profil çekiliyor...
[20:45:35] === Retrocameraland Instagram Fetch ===
[20:45:35] Profil çekiliyor...
[21:45:35] === Retrocameraland Instagram Fetch ===
[21:45:35] Profil çekiliyor...
[22:45:36] === Retrocameraland Instagram Fetch ===
[22:45:36] Profil çekiliyor...
[23:45:36] === Retrocameraland Instagram Fetch ===
[23:45:36] Profil çekiliyor...
[00:45:36] === Retrocameraland Instagram Fetch ===
[00:45:36] Profil çekiliyor...
[01:45:37] === Retrocameraland Instagram Fetch ===
[01:45:37] Profil çekiliyor...
[02:45:37] === Retrocameraland Instagram Fetch ===
[02:45:37] Profil çekiliyor...
[03:45:38] === Retrocameraland Instagram Fetch ===
[03:45:38] Profil çekiliyor...
[04:45:38] === Retrocameraland Instagram Fetch ===
[04:45:38] Profil çekiliyor...
[05:45:38] === Retrocameraland Instagram Fetch ===
[05:45:38] Profil çekiliyor...
[06:45:39] === Retrocameraland Instagram Fetch ===
[06:45:39] Profil çekiliyor...
[07:45:39] === Retrocameraland Instagram Fetch ===
[07:45:39] Profil çekiliyor...
[08:45:39] === Retrocameraland Instagram Fetch ===
[08:45:39] Profil çekiliyor...
[09:45:40] === Retrocameraland Instagram Fetch ===
[09:45:40] Profil çekiliyor...
[22:52:21] === Retrocameraland Instagram Fetch ===
[22:52:21] Profil çekiliyor...
[23:52:22] === Retrocameraland Instagram Fetch ===
[23:52:22] Profil çekiliyor...
[00:52:22] === Retrocameraland Instagram Fetch ===
[00:52:22] Profil çekiliyor...
[01:52:22] === Retrocameraland Instagram Fetch ===
[01:52:22] Profil çekiliyor...
[13:27:05] === Retrocameraland Instagram Fetch ===
[13:27:05] Profil çekiliyor...
[17:16:29] === Retrocameraland Instagram Fetch ===
[17:16:29] Profil çekiliyor...
[18:16:30] === Retrocameraland Instagram Fetch ===
[18:16:30] Profil çekiliyor...
[19:16:31] === Retrocameraland Instagram Fetch ===
[19:16:31] Profil çekiliyor...
[23:11:04] === Retrocameraland Instagram Fetch ===
[23:11:04] Profil çekiliyor...
[00:11:04] === Retrocameraland Instagram Fetch ===
[00:11:04] Profil çekiliyor...
[01:11:05] === Retrocameraland Instagram Fetch ===
[01:11:05] Profil çekiliyor...
[02:11:05] === Retrocameraland Instagram Fetch ===
[02:11:05] Profil çekiliyor...
[03:11:06] === Retrocameraland Instagram Fetch ===
[03:11:06] Profil çekiliyor...
[16:40:27] === Retrocameraland Instagram Fetch ===
[16:40:27] Profil çekiliyor...
[17:40:28] === Retrocameraland Instagram Fetch ===
[17:40:28] Profil çekiliyor...
[18:40:29] === Retrocameraland Instagram Fetch ===
[18:40:29] Profil çekiliyor...
[19:40:29] === Retrocameraland Instagram Fetch ===
[19:40:29] Profil çekiliyor...
[20:40:30] === Retrocameraland Instagram Fetch ===
[20:40:30] Profil çekiliyor...
[21:40:30] === Retrocameraland Instagram Fetch ===
[21:40:30] Profil çekiliyor...
[00:52:42] === Retrocameraland Instagram Fetch ===
[00:52:42] Profil çekiliyor...
[12:39:02] === Retrocameraland Instagram Fetch ===
[12:39:02] Profil çekiliyor...
[17:44:57] === Retrocameraland Instagram Fetch ===
[17:44:57] Profil çekiliyor...
[18:44:58] === Retrocameraland Instagram Fetch ===
[18:44:58] Profil çekiliyor...
[19:44:58] === Retrocameraland Instagram Fetch ===
[19:44:58] Profil çekiliyor...
[20:42:48] === Retrocameraland Instagram Fetch ===
[20:42:48] Profil çekiliyor...
[21:38:47] === Retrocameraland Instagram Fetch ===
[21:38:47] Profil çekiliyor...
[22:38:48] === Retrocameraland Instagram Fetch ===
[22:38:48] Profil çekiliyor...
[23:38:48] === Retrocameraland Instagram Fetch ===
[23:38:48] Profil çekiliyor...
[00:38:49] === Retrocameraland Instagram Fetch ===
[00:38:49] Profil çekiliyor...
[01:38:49] === Retrocameraland Instagram Fetch ===
[01:38:49] Profil çekiliyor...
[02:38:49] === Retrocameraland Instagram Fetch ===
[02:38:49] Profil çekiliyor...
[03:38:50] === Retrocameraland Instagram Fetch ===
[03:38:50] Profil çekiliyor...
[04:38:50] === Retrocameraland Instagram Fetch ===
[04:38:50] Profil çekiliyor...
[13:56:22] === Retrocameraland Instagram Fetch ===
[13:56:22] Profil çekiliyor...
[14:56:23] === Retrocameraland Instagram Fetch ===
[14:56:23] Profil çekiliyor...
[16:15:45] === Retrocameraland Instagram Fetch ===
[16:15:45] Profil çekiliyor...
[17:15:45] === Retrocameraland Instagram Fetch ===
[17:15:45] Profil çekiliyor...
[17:15:45]   @retrocameraland | 6,072 takipçi | 269 gönderi
[17:15:45] Son gönderiler çekiliyor...
[17:15:46]   12 gönderi | ort. 47 beğeni
[17:15:46] Güncellendi: /Users/onnoshot/Downloads/rcl-dashboard/data.js
[17:15:46] Git commit: değişiklik yok, push atlandı
[17:15:46] === Tamamlandı ✓ ===
[18:49:01] === Retrocameraland Instagram Fetch ===
[18:49:01] Profil çekiliyor...
[18:49:02]   @retrocameraland | 6,066 takipçi | 269 gönderi
[18:49:02] Son gönderiler çekiliyor...
[18:49:02]   12 gönderi | ort. 47 beğeni
[18:49:02] Güncellendi: /Users/onnoshot/Downloads/Agentlar/retrocameraland-hq-dashboard.html
[18:49:02] Güncellendi: /Users/onnoshot/Downloads/rcl-dashboard/data.js
[18:49:04] Git push tamamlandı
[18:49:04] === Tamamlandı ✓ ===
[19:29:54] === Retrocameraland Instagram Fetch ===
[19:29:54] Profil çekiliyor...
[19:29:56]   @retrocameraland | 6,064 takipçi | 269 gönderi
[19:29:56] Son gönderiler çekiliyor...
[19:29:56]   12 gönderi | ort. 48 beğeni
[19:29:56] Güncellendi: /Users/onnoshot/Downloads/Agentlar/retrocameraland-hq-dashboard.html
[19:29:56] Güncellendi: /Users/onnoshot/Downloads/rcl-dashboard/data.js
[19:29:56] Git commit: değişiklik yok, push atlandı
[19:29:56] === Tamamlandı ✓ ===
[20:29:57] === Retrocameraland Instagram Fetch ===
[20:29:57] Profil çekiliyor...
[20:29:57]   @retrocameraland | 6,065 takipçi | 269 gönderi
[20:29:57] Son gönderiler çekiliyor...
[20:29:57]   12 gönderi | ort. 48 beğeni
[20:29:57] Güncellendi: /Users/onnoshot/Downloads/Agentlar/retrocameraland-hq-dashboard.html
[20:29:57] Güncellendi: /Users/onnoshot/Downloads/rcl-dashboard/data.js
[20:29:59] Git push tamamlandı
[20:29:59] === Tamamlandı ✓ ===
[21:29:59] === Retrocameraland Instagram Fetch ===
[21:29:59] Profil çekiliyor...
[21:30:00]   @retrocameraland | 6,065 takipçi | 269 gönderi
[21:30:00] Son gönderiler çekiliyor...
[21:30:01]   12 gönderi | ort. 48 beğeni
[21:30:01] Güncellendi: /Users/onnoshot/Downloads/Agentlar/retrocameraland-hq-dashboard.html
[21:30:01] Güncellendi: /Users/onnoshot/Downloads/rcl-dashboard/data.js
[21:30:03] Git push tamamlandı
[21:30:03] === Tamamlandı ✓ ===
[22:30:03] === Retrocameraland Instagram Fetch ===
[22:30:03] Profil çekiliyor...
[22:30:03]   @retrocameraland | 6,066 takipçi | 269 gönderi
[22:30:03] Son gönderiler çekiliyor...
[22:30:04]   12 gönderi | ort. 48 beğeni
[22:30:04] Güncellendi: /Users/onnoshot/Downloads/Agentlar/retrocameraland-hq-dashboard.html
[22:30:04] Güncellendi: /Users/onnoshot/Downloads/rcl-dashboard/data.js
[22:30:05] Git push tamamlandı
[22:30:05] === Tamamlandı ✓ ===
[23:30:06] === Retrocameraland Instagram Fetch ===
[23:30:06] Profil çekiliyor...
[23:30:06]   @retrocameraland | 6,065 takipçi | 269 gönderi
[23:30:06] Son gönderiler çekiliyor...
[23:30:07]   12 gönderi | ort. 48 beğeni
[23:30:07] Güncellendi: /Users/onnoshot/Downloads/Agentlar/retrocameraland-hq-dashboard.html
[23:30:07] Güncellendi: /Users/onnoshot/Downloads/rcl-dashboard/data.js
[23:30:08] Git push tamamlandı
[23:30:08] === Tamamlandı ✓ ===
[00:30:09] === Retrocameraland Instagram Fetch ===
[00:30:09] Profil çekiliyor...
[00:30:09]   @retrocameraland | 6,064 takipçi | 269 gönderi
[00:30:09] Son gönderiler çekiliyor...
[00:30:09]   12 gönderi | ort. 48 beğeni
[00:30:09] Güncellendi: /Users/onnoshot/Downloads/Agentlar/retrocameraland-hq-dashboard.html
[00:30:09] Güncellendi: /Users/onnoshot/Downloads/rcl-dashboard/data.js
[00:30:11] Git push tamamlandı
[00:30:11] === Tamamlandı ✓ ===
[01:30:16] === Retrocameraland Instagram Fetch ===
[01:30:16] Profil çekiliyor...
[01:30:16]   @retrocameraland | 6,063 takipçi | 269 gönderi
[01:30:16] Son gönderiler çekiliyor...
[01:30:17]   12 gönderi | ort. 48 beğeni
[01:30:17] Güncellendi: /Users/onnoshot/Downloads/Agentlar/retrocameraland-hq-dashboard.html
[01:30:17] Güncellendi: /Users/onnoshot/Downloads/rcl-dashboard/data.js
[01:30:18] Git push tamamlandı
[01:30:18] === Tamamlandı ✓ ===
[02:30:18] === Retrocameraland Instagram Fetch ===
[02:30:18] Profil çekiliyor...
[02:30:18]   @retrocameraland | 6,063 takipçi | 269 gönderi
[02:30:18] Son gönderiler çekiliyor...
[02:30:19]   12 gönderi | ort. 48 beğeni
[02:30:19] Güncellendi: /Users/onnoshot/Downloads/Agentlar/retrocameraland-hq-dashboard.html
[02:30:19] Güncellendi: /Users/onnoshot/Downloads/rcl-dashboard/data.js
[02:30:20] Git push tamamlandı
[02:30:20] === Tamamlandı ✓ ===
[03:30:20] === Retrocameraland Instagram Fetch ===
[03:30:20] Profil çekiliyor...
[03:30:21]   @retrocameraland | 6,064 takipçi | 269 gönderi
[03:30:21] Son gönderiler çekiliyor...
[03:30:21]   12 gönderi | ort. 48 beğeni
[03:30:21] Güncellendi: /Users/onnoshot/Downloads/Agentlar/retrocameraland-hq-dashboard.html
[03:30:21] Güncellendi: /Users/onnoshot/Downloads/rcl-dashboard/data.js
[03:30:22] Git push tamamlandı
[03:30:22] === Tamamlandı ✓ ===
[04:30:23] === Retrocameraland Instagram Fetch ===
[04:30:23] Profil çekiliyor...
[04:30:23]   @retrocameraland | 6,063 takipçi | 269 gönderi
[04:30:23] Son gönderiler çekiliyor...
[04:30:23]   12 gönderi | ort. 48 beğeni
[04:30:23] Güncellendi: /Users/onnoshot/Downloads/Agentlar/retrocameraland-hq-dashboard.html
[04:30:23] Güncellendi: /Users/onnoshot/Downloads/rcl-dashboard/data.js
[04:30:25] Git push tamamlandı
[04:30:25] === Tamamlandı ✓ ===
[05:30:26] === Retrocameraland Instagram Fetch ===
[05:30:26] Profil çekiliyor...
[05:30:26]   @retrocameraland | 6,063 takipçi | 269 gönderi
[05:30:26] Son gönderiler çekiliyor...
[05:30:26]   12 gönderi | ort. 48 beğeni
[05:30:26] Güncellendi: /Users/onnoshot/Downloads/Agentlar/retrocameraland-hq-dashboard.html
[05:30:26] Güncellendi: /Users/onnoshot/Downloads/rcl-dashboard/data.js
[05:30:28] Git push tamamlandı
[05:30:28] === Tamamlandı ✓ ===
[10:44:57] === Retrocameraland Instagram Fetch ===
[10:44:57] Profil çekiliyor...
[10:44:57]   @retrocameraland | 6,064 takipçi | 269 gönderi
[10:44:57] Son gönderiler çekiliyor...
[10:44:57]   12 gönderi | ort. 48 beğeni
[10:44:57] Güncellendi: /Users/onnoshot/Downloads/Agentlar/retrocameraland-hq-dashboard.html
[10:44:57] Güncellendi: /Users/onnoshot/Downloads/rcl-dashboard/data.js
[10:44:59] Git push hatası: To https://github.com/onnoshot/rcl-hq.git
 ! [remote rejected] main -> main (cannot lock ref 'refs/heads/main': is at 144a8b8e9b23d0301ce73445945b4046028dc200 but expected fabed50d5bac85721a0b7a0f7e39a5f9494c8972)
error: failed to push some refs to 'https://github.com/onnoshot/rcl-hq.git'
[10:44:59] === Tamamlandı ✓ ===
[11:44:59] === Retrocameraland Instagram Fetch ===
[11:44:59] Profil çekiliyor...
[11:44:59]   @retrocameraland | 6,063 takipçi | 269 gönderi
[11:44:59] Son gönderiler çekiliyor...
[11:44:59]   12 gönderi | ort. 48 beğeni
[11:44:59] Güncellendi: /Users/onnoshot/Downloads/Agentlar/retrocameraland-hq-dashboard.html
[11:44:59] Güncellendi: /Users/onnoshot/Downloads/rcl-dashboard/data.js
[11:45:00] Git push hatası: fatal: Unable to create '/Users/onnoshot/Downloads/rcl-dashboard/.git/index.lock': File exists.

Another git process seems to be running in this repository, e.g.
an editor opened by 'git commit'. Please make sure all processes
are terminated then try again. If it still fails, a git process
may have crashed in this repository earlier:
remove the file manually to continue.
[11:45:00] === Tamamlandı ✓ ===
[12:45:00] === Retrocameraland Instagram Fetch ===
[12:45:00] Profil çekiliyor...
[12:45:00]   @retrocameraland | 6,065 takipçi | 269 gönderi
[12:45:00] Son gönderiler çekiliyor...
[12:45:00]   12 gönderi | ort. 48 beğeni
[12:45:00] Güncellendi: /Users/onnoshot/Downloads/Agentlar/retrocameraland-hq-dashboard.html
[12:45:00] Güncellendi: /Users/onnoshot/Downloads/rcl-dashboard/data.js
[12:45:02] Git push tamamlandı
[12:45:02] === Tamamlandı ✓ ===
[13:45:02] === Retrocameraland Instagram Fetch ===
[13:45:02] Profil çekiliyor...
[13:45:02]   @retrocameraland | 6,065 takipçi | 269 gönderi
[13:45:02] Son gönderiler çekiliyor...
[13:45:03]   12 gönderi | ort. 49 beğeni
[13:45:03] Güncellendi: /Users/onnoshot/Downloads/Agentlar/retrocameraland-hq-dashboard.html
[13:45:03] Güncellendi: /Users/onnoshot/Downloads/rcl-dashboard/data.js
[13:45:05] Git push tamamlandı
[13:45:05] === Tamamlandı ✓ ===
[14:45:05] === Retrocameraland Instagram Fetch ===
[14:45:05] Profil çekiliyor...
[14:45:05]   @retrocameraland | 6,067 takipçi | 269 gönderi
[14:45:05] Son gönderiler çekiliyor...
[14:45:06]   12 gönderi | ort. 50 beğeni
[14:45:06] Güncellendi: /Users/onnoshot/Downloads/Agentlar/retrocameraland-hq-dashboard.html
[14:45:06] Güncellendi: /Users/onnoshot/Downloads/rcl-dashboard/data.js
[14:45:07] Git push tamamlandı
[14:45:07] === Tamamlandı ✓ ===
[15:45:07] === Retrocameraland Instagram Fetch ===
[15:45:07] Profil çekiliyor...
[15:45:08]   @retrocameraland | 6,068 takipçi | 269 gönderi
[15:45:08] Son gönderiler çekiliyor...
[15:45:08]   12 gönderi | ort. 50 beğeni
[15:45:08] Güncellendi: /Users/onnoshot/Downloads/Agentlar/retrocameraland-hq-dashboard.html
[15:45:08] Güncellendi: /Users/onnoshot/Downloads/rcl-dashboard/data.js
[15:45:10] Git push tamamlandı
[15:45:10] === Tamamlandı ✓ ===
[16:45:10] === Retrocameraland Instagram Fetch ===
[16:45:10] Profil çekiliyor...
[16:45:11]   @retrocameraland | 6,068 takipçi | 269 gönderi
[16:45:11] Son gönderiler çekiliyor...
[16:45:11]   12 gönderi | ort. 50 beğeni
[16:45:11] Güncellendi: /Users/onnoshot/Downloads/Agentlar/retrocameraland-hq-dashboard.html
[16:45:11] Güncellendi: /Users/onnoshot/Downloads/rcl-dashboard/data.js
[16:45:13] Git push tamamlandı
[16:45:13] === Tamamlandı ✓ ===
[17:45:13] === Retrocameraland Instagram Fetch ===
[17:45:13] Profil çekiliyor...
[17:45:14]   @retrocameraland | 6,072 takipçi | 269 gönderi
[17:45:14] Son gönderiler çekiliyor...
[17:45:14]   12 gönderi | ort. 50 beğeni
[17:45:14] Güncellendi: /Users/onnoshot/Downloads/Agentlar/retrocameraland-hq-dashboard.html
[17:45:14] Güncellendi: /Users/onnoshot/Downloads/rcl-dashboard/data.js
[17:45:16] Git push tamamlandı
[17:45:16] === Tamamlandı ✓ ===
[18:45:16] === Retrocameraland Instagram Fetch ===
[18:45:16] Profil çekiliyor...
[18:45:16]   @retrocameraland | 6,086 takipçi | 269 gönderi
[18:45:16] Son gönderiler çekiliyor...
[18:45:16]   12 gönderi | ort. 50 beğeni
[18:45:16] Güncellendi: /Users/onnoshot/Downloads/Agentlar/retrocameraland-hq-dashboard.html
[18:45:16] Güncellendi: /Users/onnoshot/Downloads/rcl-dashboard/data.js
[18:45:18] Git push tamamlandı
[18:45:18] === Tamamlandı ✓ ===
[19:54:30] === Retrocameraland Instagram Fetch ===
[19:54:30] Profil çekiliyor...
[19:54:30]   @retrocameraland | 6,088 takipçi | 269 gönderi
[19:54:30] Son gönderiler çekiliyor...
[19:54:30]   12 gönderi | ort. 50 beğeni
[19:54:30] Güncellendi: /Users/onnoshot/Downloads/Agentlar/retrocameraland-hq-dashboard.html
[19:54:30] Güncellendi: /Users/onnoshot/Downloads/rcl-dashboard/data.js
[19:54:30] Git commit: değişiklik yok, push atlandı
[19:54:30] === Tamamlandı ✓ ===
[20:54:31] === Retrocameraland Instagram Fetch ===
[20:54:31] Profil çekiliyor...
[20:54:31]   @retrocameraland | 6,092 takipçi | 269 gönderi
[20:54:31] Son gönderiler çekiliyor...
[20:54:31]   12 gönderi | ort. 50 beğeni
[20:54:31] Güncellendi: /Users/onnoshot/Downloads/Agentlar/retrocameraland-hq-dashboard.html
[20:54:31] Güncellendi: /Users/onnoshot/Downloads/rcl-dashboard/data.js
[20:54:33] Git push tamamlandı
[20:54:33] === Tamamlandı ✓ ===
[21:54:33] === Retrocameraland Instagram Fetch ===
[21:54:33] Profil çekiliyor...
[21:54:34]   @retrocameraland | 6,092 takipçi | 269 gönderi
[21:54:34] Son gönderiler çekiliyor...
[21:54:34]   12 gönderi | ort. 50 beğeni
[21:54:34] Güncellendi: /Users/onnoshot/Downloads/Agentlar/retrocameraland-hq-dashboard.html
[21:54:34] Güncellendi: /Users/onnoshot/Downloads/rcl-dashboard/data.js
[21:54:36] Git push tamamlandı
[21:54:36] === Tamamlandı ✓ ===
[22:54:36] === Retrocameraland Instagram Fetch ===
[22:54:36] Profil çekiliyor...
[22:54:37]   @retrocameraland | 6,091 takipçi | 269 gönderi
[22:54:37] Son gönderiler çekiliyor...
[22:54:37]   12 gönderi | ort. 50 beğeni
[22:54:37] Güncellendi: /Users/onnoshot/Downloads/Agentlar/retrocameraland-hq-dashboard.html
[22:54:37] Güncellendi: /Users/onnoshot/Downloads/rcl-dashboard/data.js
[22:54:39] Git push tamamlandı
[22:54:39] === Tamamlandı ✓ ===
[00:13:24] === Retrocameraland Instagram Fetch ===
[00:13:24] Profil çekiliyor...
[00:13:24]   @retrocameraland | 6,092 takipçi | 269 gönderi
[00:13:24] Son gönderiler çekiliyor...
[00:13:24]   12 gönderi | ort. 50 beğeni
[00:13:24] Güncellendi: /Users/onnoshot/Downloads/Agentlar/retrocameraland-hq-dashboard.html
[00:13:24] Güncellendi: /Users/onnoshot/Downloads/rcl-dashboard/data.js
[00:13:26] Git push tamamlandı
[00:13:26] === Tamamlandı ✓ ===
[01:13:26] === Retrocameraland Instagram Fetch ===
[01:13:26] Profil çekiliyor...
[01:13:27]   @retrocameraland | 6,092 takipçi | 269 gönderi
[01:13:27] Son gönderiler çekiliyor...
[01:13:27]   12 gönderi | ort. 50 beğeni
[01:13:27] Güncellendi: /Users/onnoshot/Downloads/Agentlar/retrocameraland-hq-dashboard.html
[01:13:27] Güncellendi: /Users/onnoshot/Downloads/rcl-dashboard/data.js
[01:13:30] Git push tamamlandı
[01:13:30] === Tamamlandı ✓ ===
[02:13:30] === Retrocameraland Instagram Fetch ===
[02:13:30] Profil çekiliyor...
[02:13:30]   @retrocameraland | 6,091 takipçi | 269 gönderi
[02:13:30] Son gönderiler çekiliyor...
[02:13:30]   12 gönderi | ort. 50 beğeni
[02:13:30] Güncellendi: /Users/onnoshot/Downloads/Agentlar/retrocameraland-hq-dashboard.html
[02:13:30] Güncellendi: /Users/onnoshot/Downloads/rcl-dashboard/data.js
[02:13:32] Git push tamamlandı
[02:13:32] === Tamamlandı ✓ ===
[03:13:32] === Retrocameraland Instagram Fetch ===
[03:13:32] Profil çekiliyor...
[03:13:32]   @retrocameraland | 6,092 takipçi | 269 gönderi
[03:13:32] Son gönderiler çekiliyor...
[03:13:33]   12 gönderi | ort. 50 beğeni
[03:13:33] Güncellendi: /Users/onnoshot/Downloads/Agentlar/retrocameraland-hq-dashboard.html
[03:13:33] Güncellendi: /Users/onnoshot/Downloads/rcl-dashboard/data.js
[03:13:34] Git push tamamlandı
[03:13:34] === Tamamlandı ✓ ===
[04:13:34] === Retrocameraland Instagram Fetch ===
[04:13:34] Profil çekiliyor...
[04:13:34]   @retrocameraland | 6,092 takipçi | 269 gönderi
[04:13:34] Son gönderiler çekiliyor...
[04:13:35]   12 gönderi | ort. 50 beğeni
[04:13:35] Güncellendi: /Users/onnoshot/Downloads/Agentlar/retrocameraland-hq-dashboard.html
[04:13:35] Güncellendi: /Users/onnoshot/Downloads/rcl-dashboard/data.js
[04:13:36] Git push hatası: To https://github.com/onnoshot/rcl-hq.git
 ! [remote rejected] main -> main (cannot lock ref 'refs/heads/main': is at 2f5fbfe852eb0620bf0033ebcbc5b706f652d114 but expected 4c046b0d943671a1a8e4884c4bdaabae0eee9139)
error: failed to push some refs to 'https://github.com/onnoshot/rcl-hq.git'
[04:13:36] === Tamamlandı ✓ ===
[05:13:36] === Retrocameraland Instagram Fetch ===
[05:13:36] Profil çekiliyor...
[05:13:37]   @retrocameraland | 6,092 takipçi | 269 gönderi
[05:13:37] Son gönderiler çekiliyor...
[05:13:37]   12 gönderi | ort. 50 beğeni
[05:13:37] Güncellendi: /Users/onnoshot/Downloads/Agentlar/retrocameraland-hq-dashboard.html
[05:13:37] Güncellendi: /Users/onnoshot/Downloads/rcl-dashboard/data.js
[05:13:39] Git push hatası: To https://github.com/onnoshot/rcl-hq.git
 ! [remote rejected] main -> main (cannot lock ref 'refs/heads/main': is at 2167b4feda2877721bda93198db9a15f759d88e3 but expected d1aef0f05e100ae206be5cd7134ed6e1926d4692)
error: failed to push some refs to 'https://github.com/onnoshot/rcl-hq.git'
[05:13:39] === Tamamlandı ✓ ===
[11:51:41] === Retrocameraland Instagram Fetch ===
[11:51:41] Profil çekiliyor...
[11:51:41]   @retrocameraland | 6,092 takipçi | 269 gönderi
[11:51:41] Son gönderiler çekiliyor...
[11:51:42]   12 gönderi | ort. 50 beğeni
[11:51:42] Güncellendi: /Users/onnoshot/Downloads/Agentlar/retrocameraland-hq-dashboard.html
[11:51:42] Güncellendi: /Users/onnoshot/Downloads/rcl-dashboard/data.js
[11:51:42] Git push hatası: fatal: Unable to create '/Users/onnoshot/Downloads/rcl-dashboard/.git/index.lock': File exists.

Another git process seems to be running in this repository, e.g.
an editor opened by 'git commit'. Please make sure all processes
are terminated then try again. If it still fails, a git process
may have crashed in this repository earlier:
remove the file manually to continue.
[11:51:42] === Tamamlandı ✓ ===
[12:51:42] === Retrocameraland Instagram Fetch ===
[12:51:42] Profil çekiliyor...
[12:51:42]   @retrocameraland | 6,092 takipçi | 269 gönderi
[12:51:42] Son gönderiler çekiliyor...
[12:51:42]   12 gönderi | ort. 50 beğeni
[12:51:42] Güncellendi: /Users/onnoshot/Downloads/Agentlar/retrocameraland-hq-dashboard.html
[12:51:42] Güncellendi: /Users/onnoshot/Downloads/rcl-dashboard/data.js
[12:51:44] Git push tamamlandı
[12:51:44] === Tamamlandı ✓ ===
[13:51:44] === Retrocameraland Instagram Fetch ===
[13:51:44] Profil çekiliyor...
[13:51:45]   @retrocameraland | 6,091 takipçi | 269 gönderi
[13:51:45] Son gönderiler çekiliyor...
[13:51:45]   12 gönderi | ort. 50 beğeni
[13:51:45] Güncellendi: /Users/onnoshot/Downloads/Agentlar/retrocameraland-hq-dashboard.html
[13:51:45] Güncellendi: /Users/onnoshot/Downloads/rcl-dashboard/data.js
[13:51:47] Git push tamamlandı
[13:51:47] === Tamamlandı ✓ ===
[14:51:47] === Retrocameraland Instagram Fetch ===
[14:51:47] Profil çekiliyor...
[14:51:47]   @retrocameraland | 6,090 takipçi | 269 gönderi
[14:51:47] Son gönderiler çekiliyor...
[14:51:48]   12 gönderi | ort. 50 beğeni
[14:51:48] Güncellendi: /Users/onnoshot/Downloads/Agentlar/retrocameraland-hq-dashboard.html
[14:51:48] Güncellendi: /Users/onnoshot/Downloads/rcl-dashboard/data.js
[14:51:49] Git push tamamlandı
[14:51:49] === Tamamlandı ✓ ===
[15:51:49] === Retrocameraland Instagram Fetch ===
[15:51:49] Profil çekiliyor...
[15:51:50]   @retrocameraland | 6,090 takipçi | 269 gönderi
[15:51:50] Son gönderiler çekiliyor...
[15:51:50]   12 gönderi | ort. 51 beğeni
[15:51:50] Güncellendi: /Users/onnoshot/Downloads/Agentlar/retrocameraland-hq-dashboard.html
[15:51:50] Güncellendi: /Users/onnoshot/Downloads/rcl-dashboard/data.js
[15:51:52] Git push tamamlandı
[15:51:52] === Tamamlandı ✓ ===
[16:51:52] === Retrocameraland Instagram Fetch ===
[16:51:52] Profil çekiliyor...
[16:51:52]   @retrocameraland | 6,090 takipçi | 269 gönderi
[16:51:52] Son gönderiler çekiliyor...
[16:51:53]   12 gönderi | ort. 51 beğeni
[16:51:53] Güncellendi: /Users/onnoshot/Downloads/Agentlar/retrocameraland-hq-dashboard.html
[16:51:53] Güncellendi: /Users/onnoshot/Downloads/rcl-dashboard/data.js
[16:51:54] Git push tamamlandı
[16:51:54] === Tamamlandı ✓ ===
[17:51:55] === Retrocameraland Instagram Fetch ===
[17:51:55] Profil çekiliyor...
[17:51:55]   @retrocameraland | 6,091 takipçi | 269 gönderi
[17:51:55] Son gönderiler çekiliyor...
[17:51:55]   12 gönderi | ort. 51 beğeni
[17:51:55] Güncellendi: /Users/onnoshot/Downloads/Agentlar/retrocameraland-hq-dashboard.html
[17:51:55] Güncellendi: /Users/onnoshot/Downloads/rcl-dashboard/data.js
[17:51:57] Git push hatası: To https://github.com/onnoshot/rcl-hq.git
 ! [remote rejected] main -> main (cannot lock ref 'refs/heads/main': is at fb1fcef61ff9946cef8c408ee7219adb4cb139c8 but expected 5b1b1859f52b3c3f6c912215a573d662b4542b7e)
error: failed to push some refs to 'https://github.com/onnoshot/rcl-hq.git'
[17:51:57] === Tamamlandı ✓ ===
[18:51:57] === Retrocameraland Instagram Fetch ===
[18:51:57] Profil çekiliyor...
[18:51:57]   @retrocameraland | 6,090 takipçi | 269 gönderi
[18:51:57] Son gönderiler çekiliyor...
[18:51:58]   12 gönderi | ort. 51 beğeni
[18:51:58] Güncellendi: /Users/onnoshot/Downloads/Agentlar/retrocameraland-hq-dashboard.html
[18:51:58] Güncellendi: /Users/onnoshot/Downloads/rcl-dashboard/data.js
[18:51:59] Git push hatası: To https://github.com/onnoshot/rcl-hq.git
 ! [remote rejected] main -> main (cannot lock ref 'refs/heads/main': is at c4c8b14361b9a3e518f7b145cd478dc74f23cbdf but expected 8d2bf0a95d1fe9fd057d8cdba4cc6b529f28a3bb)
error: failed to push some refs to 'https://github.com/onnoshot/rcl-hq.git'
[18:51:59] === Tamamlandı ✓ ===
[19:51:59] === Retrocameraland Instagram Fetch ===
[19:51:59] Profil çekiliyor...
[19:52:00]   @retrocameraland | 6,090 takipçi | 269 gönderi
[19:52:00] Son gönderiler çekiliyor...
[19:52:00]   12 gönderi | ort. 51 beğeni
[19:52:00] Güncellendi: /Users/onnoshot/Downloads/Agentlar/retrocameraland-hq-dashboard.html
[19:52:00] Güncellendi: /Users/onnoshot/Downloads/rcl-dashboard/data.js
[19:52:00] Git commit: değişiklik yok, push atlandı
[19:52:00] === Tamamlandı ✓ ===
[20:52:00] === Retrocameraland Instagram Fetch ===
[20:52:00] Profil çekiliyor...
[20:52:01]   @retrocameraland | 6,090 takipçi | 269 gönderi
[20:52:01] Son gönderiler çekiliyor...
[20:52:01]   12 gönderi | ort. 51 beğeni
[20:52:01] Güncellendi: /Users/onnoshot/Downloads/Agentlar/retrocameraland-hq-dashboard.html
[20:52:01] Güncellendi: /Users/onnoshot/Downloads/rcl-dashboard/data.js
[20:52:03] Git push tamamlandı
[20:52:03] === Tamamlandı ✓ ===
[21:52:03] === Retrocameraland Instagram Fetch ===
[21:52:03] Profil çekiliyor...
[21:52:03]   @retrocameraland | 6,091 takipçi | 269 gönderi
[21:52:03] Son gönderiler çekiliyor...
[21:52:04]   12 gönderi | ort. 51 beğeni
[21:52:04] Güncellendi: /Users/onnoshot/Downloads/Agentlar/retrocameraland-hq-dashboard.html
[21:52:04] Güncellendi: /Users/onnoshot/Downloads/rcl-dashboard/data.js
[21:52:06] Git push tamamlandı
[21:52:06] === Tamamlandı ✓ ===
[22:52:06] === Retrocameraland Instagram Fetch ===
[22:52:06] Profil çekiliyor...
[22:52:06]   @retrocameraland | 6,091 takipçi | 269 gönderi
[22:52:06] Son gönderiler çekiliyor...
[22:52:07]   12 gönderi | ort. 51 beğeni
[22:52:07] Güncellendi: /Users/onnoshot/Downloads/Agentlar/retrocameraland-hq-dashboard.html
[22:52:07] Güncellendi: /Users/onnoshot/Downloads/rcl-dashboard/data.js
[22:52:08] Git push tamamlandı
[22:52:08] === Tamamlandı ✓ ===
[23:52:08] === Retrocameraland Instagram Fetch ===
[23:52:08] Profil çekiliyor...
[23:52:09]   @retrocameraland | 6,089 takipçi | 269 gönderi
[23:52:09] Son gönderiler çekiliyor...
[23:52:09]   12 gönderi | ort. 51 beğeni
[23:52:09] Güncellendi: /Users/onnoshot/Downloads/Agentlar/retrocameraland-hq-dashboard.html
[23:52:09] Güncellendi: /Users/onnoshot/Downloads/rcl-dashboard/data.js
[23:52:11] Git push tamamlandı
[23:52:11] === Tamamlandı ✓ ===
[00:52:11] === Retrocameraland Instagram Fetch ===
[00:52:11] Profil çekiliyor...
[00:52:12]   @retrocameraland | 6,088 takipçi | 269 gönderi
[00:52:12] Son gönderiler çekiliyor...
[00:52:12]   12 gönderi | ort. 51 beğeni
[00:52:12] Güncellendi: /Users/onnoshot/Downloads/Agentlar/retrocameraland-hq-dashboard.html
[00:52:12] Güncellendi: /Users/onnoshot/Downloads/rcl-dashboard/data.js
[00:52:14] Git push tamamlandı
[00:52:14] === Tamamlandı ✓ ===
[01:52:14] === Retrocameraland Instagram Fetch ===
[01:52:14] Profil çekiliyor...
[01:52:15]   @retrocameraland | 6,087 takipçi | 269 gönderi
[01:52:15] Son gönderiler çekiliyor...
[01:52:15]   12 gönderi | ort. 51 beğeni
[01:52:15] Güncellendi: /Users/onnoshot/Downloads/Agentlar/retrocameraland-hq-dashboard.html
[01:52:15] Güncellendi: /Users/onnoshot/Downloads/rcl-dashboard/data.js
[01:52:15] Git push hatası: fatal: Unable to create '/Users/onnoshot/Downloads/rcl-dashboard/.git/index.lock': File exists.

Another git process seems to be running in this repository, e.g.
an editor opened by 'git commit'. Please make sure all processes
are terminated then try again. If it still fails, a git process
may have crashed in this repository earlier:
remove the file manually to continue.
[01:52:15] === Tamamlandı ✓ ===
[02:52:15] === Retrocameraland Instagram Fetch ===
[02:52:15] Profil çekiliyor...
[02:52:16]   @retrocameraland | 6,087 takipçi | 269 gönderi
[02:52:16] Son gönderiler çekiliyor...
[02:52:16]   12 gönderi | ort. 51 beğeni
[02:52:16] Güncellendi: /Users/onnoshot/Downloads/Agentlar/retrocameraland-hq-dashboard.html
[02:52:16] Güncellendi: /Users/onnoshot/Downloads/rcl-dashboard/data.js
[02:52:17] Git push tamamlandı
[02:52:17] === Tamamlandı ✓ ===
[03:52:18] === Retrocameraland Instagram Fetch ===
[03:52:18] Profil çekiliyor...
[03:52:18]   @retrocameraland | 6,087 takipçi | 269 gönderi
[03:52:18] Son gönderiler çekiliyor...
[03:52:18]   12 gönderi | ort. 51 beğeni
[03:52:18] Güncellendi: /Users/onnoshot/Downloads/Agentlar/retrocameraland-hq-dashboard.html
[03:52:18] Güncellendi: /Users/onnoshot/Downloads/rcl-dashboard/data.js
[03:52:20] Git push tamamlandı
[03:52:20] === Tamamlandı ✓ ===
[04:52:20] === Retrocameraland Instagram Fetch ===
[04:52:20] Profil çekiliyor...
[04:52:20]   @retrocameraland | 6,088 takipçi | 269 gönderi
[04:52:20] Son gönderiler çekiliyor...
[04:52:21]   12 gönderi | ort. 51 beğeni
[04:52:21] Güncellendi: /Users/onnoshot/Downloads/Agentlar/retrocameraland-hq-dashboard.html
[04:52:21] Güncellendi: /Users/onnoshot/Downloads/rcl-dashboard/data.js
[04:52:22] Git push tamamlandı
[04:52:22] === Tamamlandı ✓ ===
[05:52:22] === Retrocameraland Instagram Fetch ===
[05:52:22] Profil çekiliyor...
[05:52:23]   @retrocameraland | 6,085 takipçi | 269 gönderi
[05:52:23] Son gönderiler çekiliyor...
[05:52:23]   12 gönderi | ort. 51 beğeni
[05:52:23] Güncellendi: /Users/onnoshot/Downloads/Agentlar/retrocameraland-hq-dashboard.html
[05:52:23] Güncellendi: /Users/onnoshot/Downloads/rcl-dashboard/data.js
[05:52:25] Git push tamamlandı
[05:52:25] === Tamamlandı ✓ ===
[06:52:25] === Retrocameraland Instagram Fetch ===
[06:52:25] Profil çekiliyor...
[06:52:25]   @retrocameraland | 6,085 takipçi | 269 gönderi
[06:52:25] Son gönderiler çekiliyor...
[06:52:26]   12 gönderi | ort. 51 beğeni
[06:52:26] Güncellendi: /Users/onnoshot/Downloads/Agentlar/retrocameraland-hq-dashboard.html
[06:52:26] Güncellendi: /Users/onnoshot/Downloads/rcl-dashboard/data.js
[06:52:27] Git push tamamlandı
[06:52:27] === Tamamlandı ✓ ===
[07:52:28] === Retrocameraland Instagram Fetch ===
[07:52:28] Profil çekiliyor...
[07:52:28]   @retrocameraland | 6,085 takipçi | 269 gönderi
[07:52:28] Son gönderiler çekiliyor...
[07:52:28]   12 gönderi | ort. 51 beğeni
[07:52:28] Güncellendi: /Users/onnoshot/Downloads/Agentlar/retrocameraland-hq-dashboard.html
[07:52:28] Güncellendi: /Users/onnoshot/Downloads/rcl-dashboard/data.js
[07:52:30] Git push tamamlandı
[07:52:30] === Tamamlandı ✓ ===
[08:52:30] === Retrocameraland Instagram Fetch ===
[08:52:30] Profil çekiliyor...
[08:52:30]   @retrocameraland | 6,085 takipçi | 269 gönderi
[08:52:30] Son gönderiler çekiliyor...
[08:52:31]   12 gönderi | ort. 51 beğeni
[08:52:31] Güncellendi: /Users/onnoshot/Downloads/Agentlar/retrocameraland-hq-dashboard.html
[08:52:31] Güncellendi: /Users/onnoshot/Downloads/rcl-dashboard/data.js
[08:52:32] Git push tamamlandı
[08:52:32] === Tamamlandı ✓ ===
[09:52:32] === Retrocameraland Instagram Fetch ===
[09:52:32] Profil çekiliyor...
[09:52:33]   @retrocameraland | 6,085 takipçi | 269 gönderi
[09:52:33] Son gönderiler çekiliyor...
[09:52:34]   12 gönderi | ort. 51 beğeni
[09:52:34] Güncellendi: /Users/onnoshot/Downloads/Agentlar/retrocameraland-hq-dashboard.html
[09:52:34] Güncellendi: /Users/onnoshot/Downloads/rcl-dashboard/data.js
[09:52:35] Git push tamamlandı
[09:52:35] === Tamamlandı ✓ ===
[10:52:35] === Retrocameraland Instagram Fetch ===
[10:52:35] Profil çekiliyor...
[10:52:36]   @retrocameraland | 6,086 takipçi | 269 gönderi
[10:52:36] Son gönderiler çekiliyor...
[10:52:36]   12 gönderi | ort. 51 beğeni
[10:52:36] Güncellendi: /Users/onnoshot/Downloads/Agentlar/retrocameraland-hq-dashboard.html
[10:52:36] Güncellendi: /Users/onnoshot/Downloads/rcl-dashboard/data.js
[10:52:38] Git push hatası: To https://github.com/onnoshot/rcl-hq.git
 ! [remote rejected] main -> main (cannot lock ref 'refs/heads/main': is at f85cac5cf62d96d6587875af57c51d7305b9fdd5 but expected 36e568ce52a0282adfe284b61a57bfd6505952e4)
error: failed to push some refs to 'https://github.com/onnoshot/rcl-hq.git'
[10:52:38] === Tamamlandı ✓ ===
[15:35:30] === Retrocameraland Instagram Fetch ===
[15:35:30] Profil çekiliyor...
[15:35:31]   @retrocameraland | 6,128 takipçi | 269 gönderi
[15:35:31] Son gönderiler çekiliyor...
[15:35:31]   12 gönderi | ort. 52 beğeni
[15:35:31] Güncellendi: /Users/onnoshot/Downloads/Agentlar/retrocameraland-hq-dashboard.html
[15:35:31] Güncellendi: /Users/onnoshot/Downloads/rcl-dashboard/data.js
[15:35:31] Git push hatası: fatal: Unable to create '/Users/onnoshot/Downloads/rcl-dashboard/.git/index.lock': File exists.

Another git process seems to be running in this repository, e.g.
an editor opened by 'git commit'. Please make sure all processes
are terminated then try again. If it still fails, a git process
may have crashed in this repository earlier:
remove the file manually to continue.
[15:35:31] === Tamamlandı ✓ ===
[16:35:31] === Retrocameraland Instagram Fetch ===
[16:35:31] Profil çekiliyor...
[16:35:32]   @retrocameraland | 6,129 takipçi | 269 gönderi
[16:35:32] Son gönderiler çekiliyor...
[16:35:32]   12 gönderi | ort. 52 beğeni
[16:35:32] Güncellendi: /Users/onnoshot/Downloads/Agentlar/retrocameraland-hq-dashboard.html
[16:35:32] Güncellendi: /Users/onnoshot/Downloads/rcl-dashboard/data.js
[16:35:34] Git push tamamlandı
[16:35:34] === Tamamlandı ✓ ===
[17:35:34] === Retrocameraland Instagram Fetch ===
[17:35:34] Profil çekiliyor...
[17:35:34]   @retrocameraland | 6,154 takipçi | 269 gönderi
[17:35:34] Son gönderiler çekiliyor...
[17:35:35]   12 gönderi | ort. 52 beğeni
[17:35:35] Güncellendi: /Users/onnoshot/Downloads/Agentlar/retrocameraland-hq-dashboard.html
[17:35:35] Güncellendi: /Users/onnoshot/Downloads/rcl-dashboard/data.js
[17:35:36] Git push tamamlandı
[17:35:36] === Tamamlandı ✓ ===
[18:35:36] === Retrocameraland Instagram Fetch ===
[18:35:36] Profil çekiliyor...
[18:35:37]   @retrocameraland | 6,168 takipçi | 269 gönderi
[18:35:37] Son gönderiler çekiliyor...
[18:35:37]   12 gönderi | ort. 52 beğeni
[18:35:37] Güncellendi: /Users/onnoshot/Downloads/Agentlar/retrocameraland-hq-dashboard.html
[18:35:37] Güncellendi: /Users/onnoshot/Downloads/rcl-dashboard/data.js
[18:35:39] Git push tamamlandı
[18:35:39] === Tamamlandı ✓ ===
[19:35:39] === Retrocameraland Instagram Fetch ===
[19:35:39] Profil çekiliyor...
[19:35:39]   @retrocameraland | 6,163 takipçi | 269 gönderi
[19:35:39] Son gönderiler çekiliyor...
[19:35:40]   12 gönderi | ort. 52 beğeni
[19:35:40] Güncellendi: /Users/onnoshot/Downloads/Agentlar/retrocameraland-hq-dashboard.html
[19:35:40] Güncellendi: /Users/onnoshot/Downloads/rcl-dashboard/data.js
[19:35:42] Git push tamamlandı
[19:35:42] === Tamamlandı ✓ ===
[05:04:02] === Retrocameraland Instagram Fetch ===
[05:04:02] Profil çekiliyor...
[00:40:52] === Retrocameraland Instagram Fetch ===
[00:40:52] Profil çekiliyor...
[00:40:53]   @retrocameraland | 6,182 takipçi | 270 gönderi
[00:40:53] Son gönderiler çekiliyor...
[00:40:53]   12 gönderi | ort. 51 beğeni
[00:40:53] Güncellendi: /Users/onnoshot/Downloads/Agentlar/retrocameraland-hq-dashboard.html
[00:40:53] Güncellendi: /Users/onnoshot/Downloads/rcl-dashboard/data.js
[00:40:55] Git push tamamlandı
[00:40:55] === Tamamlandı ✓ ===
[01:40:56] === Retrocameraland Instagram Fetch ===
[01:40:56] Profil çekiliyor...
[01:40:56]   @retrocameraland | 6,182 takipçi | 270 gönderi
[01:40:56] Son gönderiler çekiliyor...
[01:40:56]   12 gönderi | ort. 51 beğeni
[01:40:56] Güncellendi: /Users/onnoshot/Downloads/Agentlar/retrocameraland-hq-dashboard.html
[01:40:56] Güncellendi: /Users/onnoshot/Downloads/rcl-dashboard/data.js
[01:40:58] Git push tamamlandı
[01:40:58] === Tamamlandı ✓ ===
[23:02:55] === Retrocameraland Instagram Fetch ===
[23:02:55] Profil çekiliyor...
[23:02:56]   @retrocameraland | 6,179 takipçi | 270 gönderi
[23:02:56] Son gönderiler çekiliyor...
[23:02:56]   12 gönderi | ort. 52 beğeni
[23:02:56] Güncellendi: /Users/onnoshot/Downloads/Agentlar/retrocameraland-hq-dashboard.html
[23:02:56] Güncellendi: /Users/onnoshot/Downloads/rcl-dashboard/data.js
[23:02:58] Git push tamamlandı
[23:02:58] === Tamamlandı ✓ ===
[00:02:58] === Retrocameraland Instagram Fetch ===
[00:02:58] Profil çekiliyor...
[00:02:59]   @retrocameraland | 6,179 takipçi | 270 gönderi
[00:02:59] Son gönderiler çekiliyor...
[00:02:59]   12 gönderi | ort. 52 beğeni
[00:02:59] Güncellendi: /Users/onnoshot/Downloads/Agentlar/retrocameraland-hq-dashboard.html
[00:02:59] Güncellendi: /Users/onnoshot/Downloads/rcl-dashboard/data.js
[00:03:01] Git push tamamlandı
[00:03:01] === Tamamlandı ✓ ===
[10:06:41] === Retrocameraland Instagram Fetch ===
[10:06:41] Profil çekiliyor...
[10:06:41]   @retrocameraland | 6,179 takipçi | 270 gönderi
[10:06:41] Son gönderiler çekiliyor...
[10:06:42]   12 gönderi | ort. 52 beğeni
[10:06:42] Güncellendi: /Users/onnoshot/Downloads/Agentlar/retrocameraland-hq-dashboard.html
[10:06:42] Güncellendi: /Users/onnoshot/Downloads/rcl-dashboard/data.js
[10:06:44] Git push tamamlandı
[10:06:44] === Tamamlandı ✓ ===
[22:46:37] === Retrocameraland Instagram Fetch ===
[22:46:37] Profil çekiliyor...
[22:46:37]   @retrocameraland | 6,194 takipçi | 270 gönderi
[22:46:37] Son gönderiler çekiliyor...
[22:46:37]   12 gönderi | ort. 52 beğeni
[22:46:37] Güncellendi: /Users/onnoshot/Downloads/Agentlar/retrocameraland-hq-dashboard.html
[22:46:37] Güncellendi: /Users/onnoshot/Downloads/rcl-dashboard/data.js
[22:46:37] Git commit: değişiklik yok, push atlandı
[22:46:37] === Tamamlandı ✓ ===
[23:46:38] === Retrocameraland Instagram Fetch ===
[23:46:38] Profil çekiliyor...
[23:46:38]   @retrocameraland | 6,193 takipçi | 270 gönderi
[23:46:38] Son gönderiler çekiliyor...
[23:46:39]   12 gönderi | ort. 52 beğeni
[23:46:39] Güncellendi: /Users/onnoshot/Downloads/Agentlar/retrocameraland-hq-dashboard.html
[23:46:39] Güncellendi: /Users/onnoshot/Downloads/rcl-dashboard/data.js
[23:46:40] Git push tamamlandı
[23:46:40] === Tamamlandı ✓ ===
[00:46:40] === Retrocameraland Instagram Fetch ===
[00:46:40] Profil çekiliyor...
[00:46:41]   @retrocameraland | 6,189 takipçi | 270 gönderi
[00:46:41] Son gönderiler çekiliyor...
[00:46:41]   12 gönderi | ort. 52 beğeni
[00:46:41] Güncellendi: /Users/onnoshot/Downloads/Agentlar/retrocameraland-hq-dashboard.html
[00:46:41] Güncellendi: /Users/onnoshot/Downloads/rcl-dashboard/data.js
[00:46:43] Git push hatası: To https://github.com/onnoshot/rcl-hq.git
 ! [remote rejected] main -> main (cannot lock ref 'refs/heads/main': is at abf9faa33dd46d70560bf2b013ddaf7479036488 but expected f440198cfeea9d575369aac06aa67bb74fb04e8d)
error: failed to push some refs to 'https://github.com/onnoshot/rcl-hq.git'
[00:46:43] === Tamamlandı ✓ ===
[13:01:44] === Retrocameraland Instagram Fetch ===
[13:01:44] Profil çekiliyor...
[13:01:44]   @retrocameraland | 6,238 takipçi | 271 gönderi
[13:01:44] Son gönderiler çekiliyor...
[13:01:45]   12 gönderi | ort. 51 beğeni
[13:01:45] Güncellendi: /Users/onnoshot/Downloads/Agentlar/retrocameraland-hq-dashboard.html
[13:01:45] Güncellendi: /Users/onnoshot/Downloads/rcl-dashboard/data.js
[13:01:47] Git push hatası: To https://github.com/onnoshot/rcl-hq.git
 ! [remote rejected] main -> main (cannot lock ref 'refs/heads/main': is at a8620ab8dea67e8ba195b658b234dd5049a68837 but expected 424a62363e7fe60a6055192529830fe0aafa240d)
error: failed to push some refs to 'https://github.com/onnoshot/rcl-hq.git'
[13:01:47] === Tamamlandı ✓ ===
[14:01:47] === Retrocameraland Instagram Fetch ===
[14:01:47] Profil çekiliyor...
[14:01:47]   @retrocameraland | 6,242 takipçi | 271 gönderi
[14:01:47] Son gönderiler çekiliyor...
[14:01:48]   12 gönderi | ort. 53 beğeni
[14:01:48] Güncellendi: /Users/onnoshot/Downloads/Agentlar/retrocameraland-hq-dashboard.html
[14:01:48] Güncellendi: /Users/onnoshot/Downloads/rcl-dashboard/data.js
[14:01:51] Git push tamamlandı
[14:01:51] === Tamamlandı ✓ ===
[23:44:41] === Retrocameraland Instagram Fetch ===
[23:44:41] Profil çekiliyor...
[23:44:42]   @retrocameraland | 6,240 takipçi | 271 gönderi
[23:44:42] Son gönderiler çekiliyor...
[23:44:42]   12 gönderi | ort. 57 beğeni
[23:44:42] Güncellendi: /Users/onnoshot/Downloads/Agentlar/retrocameraland-hq-dashboard.html
[23:44:42] Güncellendi: /Users/onnoshot/Downloads/rcl-dashboard/data.js
[23:44:44] Git push tamamlandı
[23:44:44] === Tamamlandı ✓ ===
[00:44:44] === Retrocameraland Instagram Fetch ===
[00:44:44] Profil çekiliyor...
[00:44:44]   @retrocameraland | 6,241 takipçi | 271 gönderi
[00:44:44] Son gönderiler çekiliyor...
[00:44:45]   12 gönderi | ort. 58 beğeni
[00:44:45] Güncellendi: /Users/onnoshot/Downloads/Agentlar/retrocameraland-hq-dashboard.html
[00:44:45] Güncellendi: /Users/onnoshot/Downloads/rcl-dashboard/data.js
[00:44:46] Git push hatası: To https://github.com/onnoshot/rcl-hq.git
 ! [remote rejected] main -> main (cannot lock ref 'refs/heads/main': is at 5c60d551dd861cc14655405fc732c12f769ee64a but expected 66b90ad06a1f2205e98c31f58ff3540fc011383e)
error: failed to push some refs to 'https://github.com/onnoshot/rcl-hq.git'
[00:44:46] === Tamamlandı ✓ ===
[01:44:46] === Retrocameraland Instagram Fetch ===
[01:44:46] Profil çekiliyor...
[01:44:47]   @retrocameraland | 6,240 takipçi | 271 gönderi
[01:44:47] Son gönderiler çekiliyor...
[01:44:47]   12 gönderi | ort. 58 beğeni
[01:44:47] Güncellendi: /Users/onnoshot/Downloads/Agentlar/retrocameraland-hq-dashboard.html
[01:44:47] Güncellendi: /Users/onnoshot/Downloads/rcl-dashboard/data.js
[01:44:47] Git commit: değişiklik yok, push atlandı
[01:44:47] === Tamamlandı ✓ ===
[02:44:47] === Retrocameraland Instagram Fetch ===
[02:44:47] Profil çekiliyor...
[02:44:48]   @retrocameraland | 6,241 takipçi | 271 gönderi
[02:44:48] Son gönderiler çekiliyor...
[02:44:48]   12 gönderi | ort. 58 beğeni
[02:44:48] Güncellendi: /Users/onnoshot/Downloads/Agentlar/retrocameraland-hq-dashboard.html
[02:44:48] Güncellendi: /Users/onnoshot/Downloads/rcl-dashboard/data.js
[02:44:50] Git push tamamlandı
[02:44:50] === Tamamlandı ✓ ===
[03:44:50] === Retrocameraland Instagram Fetch ===
[03:44:50] Profil çekiliyor...
[03:44:52]   @retrocameraland | 6,241 takipçi | 271 gönderi
[03:44:52] Son gönderiler çekiliyor...
[03:44:53]   12 gönderi | ort. 58 beğeni
[03:44:53] Güncellendi: /Users/onnoshot/Downloads/Agentlar/retrocameraland-hq-dashboard.html
[03:44:53] Güncellendi: /Users/onnoshot/Downloads/rcl-dashboard/data.js
[03:44:53] Git commit: değişiklik yok, push atlandı
[03:44:53] === Tamamlandı ✓ ===
[04:44:53] === Retrocameraland Instagram Fetch ===
[04:44:53] Profil çekiliyor...
[04:44:54]   @retrocameraland | 6,241 takipçi | 271 gönderi
[04:44:54] Son gönderiler çekiliyor...
[04:44:54]   12 gönderi | ort. 58 beğeni
[04:44:54] Güncellendi: /Users/onnoshot/Downloads/Agentlar/retrocameraland-hq-dashboard.html
[04:44:54] Güncellendi: /Users/onnoshot/Downloads/rcl-dashboard/data.js
[04:44:56] Git push tamamlandı
[04:44:56] === Tamamlandı ✓ ===
[05:44:56] === Retrocameraland Instagram Fetch ===
[05:44:56] Profil çekiliyor...
[05:44:56]   @retrocameraland | 6,242 takipçi | 271 gönderi
[05:44:56] Son gönderiler çekiliyor...
[05:44:57]   12 gönderi | ort. 58 beğeni
[05:44:57] Güncellendi: /Users/onnoshot/Downloads/Agentlar/retrocameraland-hq-dashboard.html
[05:44:57] Güncellendi: /Users/onnoshot/Downloads/rcl-dashboard/data.js
[05:44:58] Git push tamamlandı
[05:44:58] === Tamamlandı ✓ ===
[06:44:59] === Retrocameraland Instagram Fetch ===
[06:44:59] Profil çekiliyor...
[06:44:59]   @retrocameraland | 6,242 takipçi | 271 gönderi
[06:44:59] Son gönderiler çekiliyor...
[06:44:59]   12 gönderi | ort. 58 beğeni
[06:44:59] Güncellendi: /Users/onnoshot/Downloads/Agentlar/retrocameraland-hq-dashboard.html
[06:44:59] Güncellendi: /Users/onnoshot/Downloads/rcl-dashboard/data.js
[06:45:01] Git push tamamlandı
[06:45:01] === Tamamlandı ✓ ===
[07:45:01] === Retrocameraland Instagram Fetch ===
[07:45:01] Profil çekiliyor...
[07:45:02]   @retrocameraland | 6,243 takipçi | 271 gönderi
[07:45:02] Son gönderiler çekiliyor...
[07:45:02]   12 gönderi | ort. 58 beğeni
[07:45:02] Güncellendi: /Users/onnoshot/Downloads/Agentlar/retrocameraland-hq-dashboard.html
[07:45:02] Güncellendi: /Users/onnoshot/Downloads/rcl-dashboard/data.js
[07:45:04] Git push tamamlandı
[07:45:04] === Tamamlandı ✓ ===
[08:45:04] === Retrocameraland Instagram Fetch ===
[08:45:04] Profil çekiliyor...
[08:45:04]   @retrocameraland | 6,244 takipçi | 271 gönderi
[08:45:04] Son gönderiler çekiliyor...
[08:45:05]   12 gönderi | ort. 58 beğeni
[08:45:05] Güncellendi: /Users/onnoshot/Downloads/Agentlar/retrocameraland-hq-dashboard.html
[08:45:05] Güncellendi: /Users/onnoshot/Downloads/rcl-dashboard/data.js
[08:45:06] Git push tamamlandı
[08:45:06] === Tamamlandı ✓ ===
[09:45:07] === Retrocameraland Instagram Fetch ===
[09:45:07] Profil çekiliyor...
[09:45:07]   @retrocameraland | 6,247 takipçi | 271 gönderi
[09:45:07] Son gönderiler çekiliyor...
[09:45:07]   12 gönderi | ort. 59 beğeni
[09:45:07] Güncellendi: /Users/onnoshot/Downloads/Agentlar/retrocameraland-hq-dashboard.html
[09:45:07] Güncellendi: /Users/onnoshot/Downloads/rcl-dashboard/data.js
[09:45:07] Git commit: değişiklik yok, push atlandı
[09:45:07] === Tamamlandı ✓ ===
[10:45:08] === Retrocameraland Instagram Fetch ===
[10:45:08] Profil çekiliyor...
[10:45:08]   @retrocameraland | 6,252 takipçi | 271 gönderi
[10:45:08] Son gönderiler çekiliyor...
[10:45:08]   12 gönderi | ort. 59 beğeni
[10:45:08] Güncellendi: /Users/onnoshot/Downloads/Agentlar/retrocameraland-hq-dashboard.html
[10:45:08] Güncellendi: /Users/onnoshot/Downloads/rcl-dashboard/data.js
[10:45:10] Git push tamamlandı
[10:45:10] === Tamamlandı ✓ ===
[11:45:10] === Retrocameraland Instagram Fetch ===
[11:45:10] Profil çekiliyor...
[11:45:11]   @retrocameraland | 6,257 takipçi | 271 gönderi
[11:45:11] Son gönderiler çekiliyor...
[11:45:11]   12 gönderi | ort. 59 beğeni
[11:45:11] Güncellendi: /Users/onnoshot/Downloads/Agentlar/retrocameraland-hq-dashboard.html
[11:45:11] Güncellendi: /Users/onnoshot/Downloads/rcl-dashboard/data.js
[11:45:13] Git push tamamlandı
[11:45:13] === Tamamlandı ✓ ===
[12:45:13] === Retrocameraland Instagram Fetch ===
[12:45:13] Profil çekiliyor...
[12:45:14]   @retrocameraland | 6,258 takipçi | 271 gönderi
[12:45:14] Son gönderiler çekiliyor...
[12:45:14]   12 gönderi | ort. 59 beğeni
[12:45:14] Güncellendi: /Users/onnoshot/Downloads/Agentlar/retrocameraland-hq-dashboard.html
[12:45:14] Güncellendi: /Users/onnoshot/Downloads/rcl-dashboard/data.js
[12:45:16] Git push tamamlandı
[12:45:16] === Tamamlandı ✓ ===
[13:45:16] === Retrocameraland Instagram Fetch ===
[13:45:16] Profil çekiliyor...
[13:45:16]   @retrocameraland | 6,267 takipçi | 271 gönderi
[13:45:16] Son gönderiler çekiliyor...
[13:45:17]   12 gönderi | ort. 59 beğeni
[13:45:17] Güncellendi: /Users/onnoshot/Downloads/Agentlar/retrocameraland-hq-dashboard.html
[13:45:17] Güncellendi: /Users/onnoshot/Downloads/rcl-dashboard/data.js
[13:45:19] Git push tamamlandı
[13:45:19] === Tamamlandı ✓ ===
[14:45:19] === Retrocameraland Instagram Fetch ===
[14:45:19] Profil çekiliyor...
[14:45:20]   @retrocameraland | 6,269 takipçi | 271 gönderi
[14:45:20] Son gönderiler çekiliyor...
[14:45:20]   12 gönderi | ort. 59 beğeni
[14:45:20] Güncellendi: /Users/onnoshot/Downloads/Agentlar/retrocameraland-hq-dashboard.html
[14:45:20] Güncellendi: /Users/onnoshot/Downloads/rcl-dashboard/data.js
[14:45:22] Git push tamamlandı
[14:45:22] === Tamamlandı ✓ ===
[17:16:22] === Retrocameraland Instagram Fetch ===
[17:16:22] Profil çekiliyor...
[17:16:23]   @retrocameraland | 6,281 takipçi | 271 gönderi
[17:16:23] Son gönderiler çekiliyor...
[17:16:23]   12 gönderi | ort. 60 beğeni
[17:16:23] Güncellendi: /Users/onnoshot/Downloads/Agentlar/retrocameraland-hq-dashboard.html
[17:16:23] Güncellendi: /Users/onnoshot/Downloads/rcl-dashboard/data.js
[17:16:25] Git push tamamlandı
[17:16:25] === Tamamlandı ✓ ===
[18:16:25] === Retrocameraland Instagram Fetch ===
[18:16:25] Profil çekiliyor...
[18:16:26]   @retrocameraland | 6,293 takipçi | 271 gönderi
[18:16:26] Son gönderiler çekiliyor...
[18:16:26]   12 gönderi | ort. 60 beğeni
[18:16:26] Güncellendi: /Users/onnoshot/Downloads/Agentlar/retrocameraland-hq-dashboard.html
[18:16:26] Güncellendi: /Users/onnoshot/Downloads/rcl-dashboard/data.js
[18:16:28] Git push hatası: To https://github.com/onnoshot/rcl-hq.git
 ! [remote rejected] main -> main (cannot lock ref 'refs/heads/main': is at cb7fbfec252c9c2690b6e02ebab17a5e2c58860b but expected 0b3726718b2dd09ae98447bd3e7edbe9b5a0353a)
error: failed to push some refs to 'https://github.com/onnoshot/rcl-hq.git'
[18:16:28] === Tamamlandı ✓ ===
[19:16:28] === Retrocameraland Instagram Fetch ===
[19:16:28] Profil çekiliyor...
[19:16:29]   @retrocameraland | 6,300 takipçi | 271 gönderi
[19:16:29] Son gönderiler çekiliyor...
[19:16:29]   12 gönderi | ort. 60 beğeni
[19:16:29] Güncellendi: /Users/onnoshot/Downloads/Agentlar/retrocameraland-hq-dashboard.html
[19:16:29] Güncellendi: /Users/onnoshot/Downloads/rcl-dashboard/data.js
[19:16:29] Git commit: değişiklik yok, push atlandı
[19:16:29] === Tamamlandı ✓ ===
[20:16:29] === Retrocameraland Instagram Fetch ===
[20:16:29] Profil çekiliyor...
[20:16:30]   @retrocameraland | 6,307 takipçi | 271 gönderi
[20:16:30] Son gönderiler çekiliyor...
[20:16:30]   12 gönderi | ort. 60 beğeni
[20:16:30] Güncellendi: /Users/onnoshot/Downloads/Agentlar/retrocameraland-hq-dashboard.html
[20:16:30] Güncellendi: /Users/onnoshot/Downloads/rcl-dashboard/data.js
[20:16:32] Git push tamamlandı
[20:16:32] === Tamamlandı ✓ ===
[21:16:32] === Retrocameraland Instagram Fetch ===
[21:16:32] Profil çekiliyor...
[21:16:33]   @retrocameraland | 6,311 takipçi | 272 gönderi
[21:16:33] Son gönderiler çekiliyor...
[21:16:33]   12 gönderi | ort. 49 beğeni
[21:16:33] Güncellendi: /Users/onnoshot/Downloads/Agentlar/retrocameraland-hq-dashboard.html
[21:16:33] Güncellendi: /Users/onnoshot/Downloads/rcl-dashboard/data.js
[21:16:35] Git push tamamlandı
[21:16:35] === Tamamlandı ✓ ===
[22:16:36] === Retrocameraland Instagram Fetch ===
[22:16:36] Profil çekiliyor...
[22:16:36]   @retrocameraland | 6,317 takipçi | 272 gönderi
[22:16:36] Son gönderiler çekiliyor...
[22:16:36]   12 gönderi | ort. 50 beğeni
[22:16:36] Güncellendi: /Users/onnoshot/Downloads/Agentlar/retrocameraland-hq-dashboard.html
[22:16:36] Güncellendi: /Users/onnoshot/Downloads/rcl-dashboard/data.js
[22:16:38] Git push tamamlandı
[22:16:38] === Tamamlandı ✓ ===
[23:16:38] === Retrocameraland Instagram Fetch ===
[23:16:38] Profil çekiliyor...
[23:16:39]   @retrocameraland | 6,319 takipçi | 272 gönderi
[23:16:39] Son gönderiler çekiliyor...
[23:16:39]   12 gönderi | ort. 51 beğeni
[23:16:39] Güncellendi: /Users/onnoshot/Downloads/Agentlar/retrocameraland-hq-dashboard.html
[23:16:39] Güncellendi: /Users/onnoshot/Downloads/rcl-dashboard/data.js
[23:16:41] Git push tamamlandı
[23:16:41] === Tamamlandı ✓ ===
[00:16:41] === Retrocameraland Instagram Fetch ===
[00:16:41] Profil çekiliyor...
[00:16:42]   @retrocameraland | 6,320 takipçi | 272 gönderi
[00:16:42] Son gönderiler çekiliyor...
[00:16:42]   12 gönderi | ort. 51 beğeni
[00:16:42] Güncellendi: /Users/onnoshot/Downloads/Agentlar/retrocameraland-hq-dashboard.html
[00:16:42] Güncellendi: /Users/onnoshot/Downloads/rcl-dashboard/data.js
[00:16:44] Git push tamamlandı
[00:16:44] === Tamamlandı ✓ ===
[01:16:44] === Retrocameraland Instagram Fetch ===
[01:16:44] Profil çekiliyor...
[01:16:45]   @retrocameraland | 6,321 takipçi | 272 gönderi
[01:16:45] Son gönderiler çekiliyor...
[01:16:45]   12 gönderi | ort. 52 beğeni
[01:16:45] Güncellendi: /Users/onnoshot/Downloads/Agentlar/retrocameraland-hq-dashboard.html
[01:16:45] Güncellendi: /Users/onnoshot/Downloads/rcl-dashboard/data.js
[01:16:47] Git push tamamlandı
[01:16:47] === Tamamlandı ✓ ===
[02:16:47] === Retrocameraland Instagram Fetch ===
[02:16:47] Profil çekiliyor...
[02:16:48]   @retrocameraland | 6,325 takipçi | 272 gönderi
[02:16:48] Son gönderiler çekiliyor...
[02:16:48]   12 gönderi | ort. 52 beğeni
[02:16:48] Güncellendi: /Users/onnoshot/Downloads/Agentlar/retrocameraland-hq-dashboard.html
[02:16:48] Güncellendi: /Users/onnoshot/Downloads/rcl-dashboard/data.js
[02:16:49] Git push tamamlandı
[02:16:49] === Tamamlandı ✓ ===
[03:16:50] === Retrocameraland Instagram Fetch ===
[03:16:50] Profil çekiliyor...
[03:16:50]   @retrocameraland | 6,329 takipçi | 272 gönderi
[03:16:50] Son gönderiler çekiliyor...
[03:16:50]   12 gönderi | ort. 53 beğeni
[03:16:50] Güncellendi: /Users/onnoshot/Downloads/Agentlar/retrocameraland-hq-dashboard.html
[03:16:50] Güncellendi: /Users/onnoshot/Downloads/rcl-dashboard/data.js
[03:16:52] Git push hatası: To https://github.com/onnoshot/rcl-hq.git
 ! [remote rejected] main -> main (cannot lock ref 'refs/heads/main': is at e1847fc29ed5afbfcaa7db95475a9bfb18cb0ff5 but expected b2808b274941f2feb8d7f0530cb09c3bfc6fccd2)
error: failed to push some refs to 'https://github.com/onnoshot/rcl-hq.git'
[03:16:52] === Tamamlandı ✓ ===
[04:16:52] === Retrocameraland Instagram Fetch ===
[04:16:52] Profil çekiliyor...
[04:16:53]   @retrocameraland | 6,329 takipçi | 272 gönderi
[04:16:53] Son gönderiler çekiliyor...
[04:16:53]   12 gönderi | ort. 53 beğeni
[04:16:53] Güncellendi: /Users/onnoshot/Downloads/Agentlar/retrocameraland-hq-dashboard.html
[04:16:53] Güncellendi: /Users/onnoshot/Downloads/rcl-dashboard/data.js
[04:16:55] Git push hatası: To https://github.com/onnoshot/rcl-hq.git
 ! [remote rejected] main -> main (cannot lock ref 'refs/heads/main': is at 98bf865a224d95ac1d8d213c30a4561e10cdc3d6 but expected 7c9ccfa11d1fad920e3463bc857a740801ca743a)
error: failed to push some refs to 'https://github.com/onnoshot/rcl-hq.git'
[04:16:55] === Tamamlandı ✓ ===
[05:16:55] === Retrocameraland Instagram Fetch ===
[05:16:55] Profil çekiliyor...
[05:16:56]   @retrocameraland | 6,330 takipçi | 272 gönderi
[05:16:56] Son gönderiler çekiliyor...
[05:16:57]   12 gönderi | ort. 53 beğeni
[05:16:57] Güncellendi: /Users/onnoshot/Downloads/Agentlar/retrocameraland-hq-dashboard.html
[05:16:57] Güncellendi: /Users/onnoshot/Downloads/rcl-dashboard/data.js
[05:16:59] Git push tamamlandı
[05:16:59] === Tamamlandı ✓ ===
[06:16:59] === Retrocameraland Instagram Fetch ===
[06:16:59] Profil çekiliyor...
[06:17:00]   @retrocameraland | 6,330 takipçi | 272 gönderi
[06:17:00] Son gönderiler çekiliyor...
[06:17:00]   12 gönderi | ort. 54 beğeni
[06:17:00] Güncellendi: /Users/onnoshot/Downloads/Agentlar/retrocameraland-hq-dashboard.html
[06:17:00] Güncellendi: /Users/onnoshot/Downloads/rcl-dashboard/data.js
[06:17:02] Git push tamamlandı
[06:17:02] === Tamamlandı ✓ ===
[07:17:02] === Retrocameraland Instagram Fetch ===
[07:17:02] Profil çekiliyor...
[07:17:02]   @retrocameraland | 6,335 takipçi | 272 gönderi
[07:17:02] Son gönderiler çekiliyor...
[07:17:03]   12 gönderi | ort. 54 beğeni
[07:17:03] Güncellendi: /Users/onnoshot/Downloads/Agentlar/retrocameraland-hq-dashboard.html
[07:17:03] Güncellendi: /Users/onnoshot/Downloads/rcl-dashboard/data.js
[07:17:04] Git push tamamlandı
[07:17:04] === Tamamlandı ✓ ===
[13:17:29] === Retrocameraland Instagram Fetch ===
[13:17:29] Profil çekiliyor...
[13:17:29]   @retrocameraland | 6,406 takipçi | 272 gönderi
[13:17:29] Son gönderiler çekiliyor...
[13:17:29]   12 gönderi | ort. 55 beğeni
[13:17:29] Güncellendi: /Users/onnoshot/Downloads/Agentlar/retrocameraland-hq-dashboard.html
[13:17:29] Güncellendi: /Users/onnoshot/Downloads/rcl-dashboard/data.js
[13:17:31] Git push hatası: To https://github.com/onnoshot/rcl-hq.git
 ! [remote rejected] main -> main (cannot lock ref 'refs/heads/main': is at 1cadd6c9ac05cafc6aff6cf2d1685fbc1aa52310 but expected 1058bc1b79f1f039b8a1b8e1ad0f1c2c2a1df041)
error: failed to push some refs to 'https://github.com/onnoshot/rcl-hq.git'
[13:17:31] === Tamamlandı ✓ ===
[14:17:31] === Retrocameraland Instagram Fetch ===
[14:17:31] Profil çekiliyor...
[14:17:33]   @retrocameraland | 6,414 takipçi | 272 gönderi
[14:17:33] Son gönderiler çekiliyor...
[14:17:33]   12 gönderi | ort. 55 beğeni
[14:17:33] Güncellendi: /Users/onnoshot/Downloads/Agentlar/retrocameraland-hq-dashboard.html
[14:17:33] Güncellendi: /Users/onnoshot/Downloads/rcl-dashboard/data.js
[14:17:35] Git push tamamlandı
[14:17:35] === Tamamlandı ✓ ===
[15:17:35] === Retrocameraland Instagram Fetch ===
[15:17:35] Profil çekiliyor...
[15:17:35]   @retrocameraland | 6,424 takipçi | 272 gönderi
[15:17:35] Son gönderiler çekiliyor...
[15:17:36]   12 gönderi | ort. 55 beğeni
[15:17:36] Güncellendi: /Users/onnoshot/Downloads/Agentlar/retrocameraland-hq-dashboard.html
[15:17:36] Güncellendi: /Users/onnoshot/Downloads/rcl-dashboard/data.js
[15:17:38] Git push tamamlandı
[15:17:38] === Tamamlandı ✓ ===
[16:17:38] === Retrocameraland Instagram Fetch ===
[16:17:38] Profil çekiliyor...
[16:17:39]   @retrocameraland | 6,428 takipçi | 272 gönderi
[16:17:39] Son gönderiler çekiliyor...
[16:17:40]   12 gönderi | ort. 55 beğeni
[16:17:40] Güncellendi: /Users/onnoshot/Downloads/Agentlar/retrocameraland-hq-dashboard.html
[16:17:40] Güncellendi: /Users/onnoshot/Downloads/rcl-dashboard/data.js
[16:17:41] Git push tamamlandı
[16:17:41] === Tamamlandı ✓ ===
[17:17:41] === Retrocameraland Instagram Fetch ===
[17:17:41] Profil çekiliyor...
[17:17:42]   @retrocameraland | 6,428 takipçi | 272 gönderi
[17:17:42] Son gönderiler çekiliyor...
[17:17:42]   12 gönderi | ort. 55 beğeni
[17:17:42] Güncellendi: /Users/onnoshot/Downloads/Agentlar/retrocameraland-hq-dashboard.html
[17:17:42] Güncellendi: /Users/onnoshot/Downloads/rcl-dashboard/data.js
[17:17:44] Git push tamamlandı
[17:17:44] === Tamamlandı ✓ ===
